<?xml version="1.0" encoding="UTF-8"?>
<testng-results ignored="0" total="1" passed="1" failed="0" skipped="0">
  <reporter-output>
  </reporter-output>
  <suite started-at="2022-02-01T17:46:36 IST" name="Default suite" finished-at="2022-02-01T17:46:37 IST" duration-ms="1681">
    <groups>
    </groups>
    <test started-at="2022-02-01T17:46:36 IST" name="Default test" finished-at="2022-02-01T17:46:37 IST" duration-ms="1681">
      <class name="NewPack.NewTest">
        <test-method signature="f()[pri:0, instance:NewPack.NewTest@34f5090e]" started-at="2022-02-01T17:46:36 IST" name="f" finished-at="2022-02-01T17:46:37 IST" duration-ms="1655" status="PASS">
          <reporter-output>
          </reporter-output>
        </test-method> <!-- f -->
      </class> <!-- NewPack.NewTest -->
    </test> <!-- Default test -->
  </suite> <!-- Default suite -->
</testng-results>
